#
# There is insufficient memory for the Java Runtime Environment to continue.
# Native memory allocation (malloc) failed to allocate 2304816 bytes for Chunk::new
# Possible reasons:
#   The system is out of physical RAM or swap space
#   In 32 bit mode, the process size limit was hit
# Possible solutions:
#   Reduce memory load on the system
#   Increase physical memory or swap space
#   Check if swap backing store is full
#   Use 64 bit Java on a 64 bit OS
#   Decrease Java heap size (-Xmx/-Xms)
#   Decrease number of Java threads
#   Decrease Java thread stack sizes (-Xss)
#   Set larger code cache with -XX:ReservedCodeCacheSize=
# This output file may be truncated or incomplete.
#
#  Out of Memory Error (allocation.cpp:390), pid=76336, tid=0x00000000000109c8
#
# JRE version: Java(TM) SE Runtime Environment (8.0_111-b14) (build 1.8.0_111-b14)
# Java VM: Java HotSpot(TM) 64-Bit Server VM (25.111-b14 mixed mode windows-amd64 compressed oops)
# Failed to write core dump. Minidumps are not enabled by default on client versions of Windows
#

---------------  T H R E A D  ---------------

Current thread (0x000000001e4c1000):  JavaThread "C2 CompilerThread1" daemon [_thread_in_native, id=68040, stack(0x000000001edc0000,0x000000001eec0000)]

Stack: [0x000000001edc0000,0x000000001eec0000]
[error occurred during error reporting (printing stack bounds), id 0xc0000005]

Native frames: (J=compiled Java code, j=interpreted, Vv=VM code, C=native code)


Current CompileTask:
C2:   3344 1989       4       java.net.URLClassLoader$1::run (5 bytes)


---------------  P R O C E S S  ---------------

Java Threads: ( => current thread )
  0x000000001e567800 JavaThread "Service Thread" daemon [_thread_blocked, id=76512, stack(0x000000001f0c0000,0x000000001f1c0000)]
  0x000000001e4cd800 JavaThread "C1 CompilerThread3" daemon [_thread_blocked, id=76568, stack(0x000000001efc0000,0x000000001f0c0000)]
  0x000000001e4c8000 JavaThread "C2 CompilerThread2" daemon [_thread_in_native, id=57172, stack(0x000000001eec0000,0x000000001efc0000)]
=>0x000000001e4c1000 JavaThread "C2 CompilerThread1" daemon [_thread_in_native, id=68040, stack(0x000000001edc0000,0x000000001eec0000)]
  0x000000001e4bc800 JavaThread "C2 CompilerThread0" daemon [_thread_in_native, id=75408, stack(0x000000001ecc0000,0x000000001edc0000)]
  0x000000001e4b9000 JavaThread "Attach Listener" daemon [_thread_blocked, id=42368, stack(0x000000001ebc0000,0x000000001ecc0000)]
  0x000000001e4b8800 JavaThread "Signal Dispatcher" daemon [_thread_blocked, id=76104, stack(0x000000001eac0000,0x000000001ebc0000)]
  0x0000000002c19800 JavaThread "Finalizer" daemon [_thread_blocked, id=76752, stack(0x000000001e890000,0x000000001e990000)]
  0x0000000002c18000 JavaThread "Reference Handler" daemon [_thread_blocked, id=69052, stack(0x000000001e390000,0x000000001e490000)]
  0x000000000117e000 JavaThread "main" [_thread_in_Java, id=60460, stack(0x0000000002970000,0x0000000002a70000)]

Other Threads:
  0x000000001c5ca000 VMThread [stack: 0x000000001e290000,0x000000001e390000] [id=71368]
  0x000000001e572000 WatcherThread [stack: 0x000000001f330000,0x000000001f430000] [id=75848]

VM state:not at safepoint (normal execution)

VM Mutex/Monitor currently owned by a thread: None

Heap:
 PSYoungGen      total 75776K, used 36710K [0x000000076b780000, 0x0000000770c00000, 0x00000007c0000000)
  eden space 65024K, 39% used [0x000000076b780000,0x000000076d0da208,0x000000076f700000)
  from space 10752K, 99% used [0x0000000770180000,0x0000000770bff7f0,0x0000000770c00000)
  to   space 10752K, 0% used [0x000000076f700000,0x000000076f700000,0x0000000770180000)
 ParOldGen       total 173568K, used 1554K [0x00000006c2600000, 0x00000006ccf80000, 0x000000076b780000)
  object space 173568K, 0% used [0x00000006c2600000,0x00000006c27848b8,0x00000006ccf80000)
 Metaspace       used 16123K, capacity 16452K, committed 16640K, reserved 1064960K
  class space    used 1889K, capacity 1984K, committed 2048K, reserved 1048576K

Card table byte_map: [0x0000000011fe0000,0x00000000127d0000] byte_map_base: 0x000000000e9cd000

Marking Bits: (ParMarkBitMap*) 0x000000006bcea6c0
 Begin Bits: [0x0000000013520000, 0x0000000017488000)
 End Bits:   [0x0000000017488000, 0x000000001b3f0000)

Polling page: 0x0000000000cd0000

CodeCache: size=245760Kb used=9171Kb max_used=9171Kb free=236589Kb
 bounds [0x0000000002c20000, 0x0000000003520000, 0x0000000011c20000]
 total_blobs=3071 nmethods=2711 adapters=272
 compilation: enabled

Compilation events (10 events):
Event: 3.336 Thread 0x000000001e4cd800 nmethod 2714 0x0000000003513e50 code [0x0000000003514000, 0x00000000035144a8]
Event: 3.336 Thread 0x000000001e4cd800 2715       1       org.apache.maven.model.building.DefaultModelBuildingRequest::getWorkspaceModelResolver (5 bytes)
Event: 3.336 Thread 0x000000001e4cd800 nmethod 2715 0x00000000035147d0 code [0x0000000003514920, 0x0000000003514a30]
Event: 3.337 Thread 0x000000001e4cd800 2716   !   3       org.apache.maven.model.Exclusion::clone (73 bytes)
Event: 3.338 Thread 0x000000001e4cd800 nmethod 2716 0x0000000003514a90 code [0x0000000003514ce0, 0x0000000003515cd8]
Event: 3.340 Thread 0x000000001e4cd800 2717       3       org.apache.maven.model.merge.ModelMerger::mergeModelBase (73 bytes)
Event: 3.341 Thread 0x000000001e4cd800 nmethod 2717 0x00000000035163d0 code [0x0000000003516640, 0x0000000003517958]
Event: 3.341 Thread 0x000000001e4cd800 2719       3       org.apache.maven.model.merge.MavenModelMerger::mergeModelBase_PluginRepositories (210 bytes)
Event: 3.343 Thread 0x000000001e4cd800 nmethod 2719 0x0000000003518490 code [0x0000000003518860, 0x000000000351ae88]
Event: 3.343 Thread 0x000000001e4cd800 2721       3       org.apache.maven.model.interpolation.StringVisitorModelInterpolator$ModelVisitor::visit (42 bytes)

GC Heap History (4 events):
Event: 2.023 GC heap before
{Heap before GC invocations=1 (full 0):
 PSYoungGen      total 75776K, used 65024K [0x000000076b780000, 0x0000000770c00000, 0x00000007c0000000)
  eden space 65024K, 100% used [0x000000076b780000,0x000000076f700000,0x000000076f700000)
  from space 10752K, 0% used [0x0000000770180000,0x0000000770180000,0x0000000770c00000)
  to   space 10752K, 0% used [0x000000076f700000,0x000000076f700000,0x0000000770180000)
 ParOldGen       total 173568K, used 0K [0x00000006c2600000, 0x00000006ccf80000, 0x000000076b780000)
  object space 173568K, 0% used [0x00000006c2600000,0x00000006c2600000,0x00000006ccf80000)
 Metaspace       used 11788K, capacity 12004K, committed 12288K, reserved 1060864K
  class space    used 1424K, capacity 1508K, committed 1536K, reserved 1048576K
Event: 2.032 GC heap after
Heap after GC invocations=1 (full 0):
 PSYoungGen      total 75776K, used 10070K [0x000000076b780000, 0x0000000770c00000, 0x00000007c0000000)
  eden space 65024K, 0% used [0x000000076b780000,0x000000076b780000,0x000000076f700000)
  from space 10752K, 93% used [0x000000076f700000,0x00000007700d5bd0,0x0000000770180000)
  to   space 10752K, 0% used [0x0000000770180000,0x0000000770180000,0x0000000770c00000)
 ParOldGen       total 173568K, used 16K [0x00000006c2600000, 0x00000006ccf80000, 0x000000076b780000)
  object space 173568K, 0% used [0x00000006c2600000,0x00000006c2604000,0x00000006ccf80000)
 Metaspace       used 11788K, capacity 12004K, committed 12288K, reserved 1060864K
  class space    used 1424K, capacity 1508K, committed 1536K, reserved 1048576K
}
Event: 3.116 GC heap before
{Heap before GC invocations=2 (full 0):
 PSYoungGen      total 75776K, used 75094K [0x000000076b780000, 0x0000000770c00000, 0x00000007c0000000)
  eden space 65024K, 100% used [0x000000076b780000,0x000000076f700000,0x000000076f700000)
  from space 10752K, 93% used [0x000000076f700000,0x00000007700d5bd0,0x0000000770180000)
  to   space 10752K, 0% used [0x0000000770180000,0x0000000770180000,0x0000000770c00000)
 ParOldGen       total 173568K, used 16K [0x00000006c2600000, 0x00000006ccf80000, 0x000000076b780000)
  object space 173568K, 0% used [0x00000006c2600000,0x00000006c2604000,0x00000006ccf80000)
 Metaspace       used 15778K, capacity 16038K, committed 16384K, reserved 1062912K
  class space    used 1869K, capacity 1979K, committed 2048K, reserved 1048576K
Event: 3.126 GC heap after
Heap after GC invocations=2 (full 0):
 PSYoungGen      total 75776K, used 10749K [0x000000076b780000, 0x0000000770c00000, 0x00000007c0000000)
  eden space 65024K, 0% used [0x000000076b780000,0x000000076b780000,0x000000076f700000)
  from space 10752K, 99% used [0x0000000770180000,0x0000000770bff7f0,0x0000000770c00000)
  to   space 10752K, 0% used [0x000000076f700000,0x000000076f700000,0x0000000770180000)
 ParOldGen       total 173568K, used 1554K [0x00000006c2600000, 0x00000006ccf80000, 0x000000076b780000)
  object space 173568K, 0% used [0x00000006c2600000,0x00000006c27848b8,0x00000006ccf80000)
 Metaspace       used 15778K, capacity 16038K, committed 16384K, reserved 1062912K
  class space    used 1869K, capacity 1979K, committed 2048K, reserved 1048576K
}

Deoptimization events (10 events):
Event: 3.133 Thread 0x000000000117e000 Uncommon trap: reason=predicate action=maybe_recompile pc=0x0000000003282d40 method=java.nio.charset.CharsetDecoder.decode(Ljava/nio/ByteBuffer;Ljava/nio/CharBuffer;Z)Ljava/nio/charset/CoderResult; @ 54
Event: 3.134 Thread 0x000000000117e000 Uncommon trap: reason=unstable_if action=reinterpret pc=0x0000000003396064 method=org.codehaus.plexus.util.xml.pull.MXParser.parseAttribute()C @ 995
Event: 3.161 Thread 0x000000000117e000 Uncommon trap: reason=unstable_if action=reinterpret pc=0x00000000033a4d7c method=org.apache.maven.model.io.xpp3.MavenXpp3Reader.nextTag(Lorg/codehaus/plexus/util/xml/pull/XmlPullParser;)I @ 9
Event: 3.237 Thread 0x000000000117e000 Uncommon trap: reason=speculate_class_check action=maybe_recompile pc=0x0000000003464cd0 method=java.nio.charset.CharsetDecoder.decode(Ljava/nio/ByteBuffer;Ljava/nio/CharBuffer;Z)Ljava/nio/charset/CoderResult; @ 57
Event: 3.237 Thread 0x000000000117e000 Uncommon trap: reason=speculate_class_check action=maybe_recompile pc=0x0000000003464cd0 method=java.nio.charset.CharsetDecoder.decode(Ljava/nio/ByteBuffer;Ljava/nio/CharBuffer;Z)Ljava/nio/charset/CoderResult; @ 57
Event: 3.260 Thread 0x000000000117e000 Uncommon trap: reason=speculate_class_check action=maybe_recompile pc=0x0000000003464cd0 method=java.nio.charset.CharsetDecoder.decode(Ljava/nio/ByteBuffer;Ljava/nio/CharBuffer;Z)Ljava/nio/charset/CoderResult; @ 57
Event: 3.260 Thread 0x000000000117e000 Uncommon trap: reason=speculate_class_check action=maybe_recompile pc=0x0000000003464cd0 method=java.nio.charset.CharsetDecoder.decode(Ljava/nio/ByteBuffer;Ljava/nio/CharBuffer;Z)Ljava/nio/charset/CoderResult; @ 57
Event: 3.295 Thread 0x000000000117e000 Uncommon trap: reason=unstable_if action=reinterpret pc=0x0000000003044a28 method=java.util.HashMap.hash(Ljava/lang/Object;)I @ 1
Event: 3.297 Thread 0x000000000117e000 Uncommon trap: reason=unstable_if action=reinterpret pc=0x0000000002e93fa8 method=java.util.HashMap.hash(Ljava/lang/Object;)I @ 1
Event: 3.297 Thread 0x000000000117e000 Uncommon trap: reason=unstable_if action=reinterpret pc=0x000000000300ae90 method=java.util.HashMap.getNode(ILjava/lang/Object;)Ljava/util/HashMap$Node; @ 53

Internal exceptions (10 events):
Event: 2.483 Thread 0x000000000117e000 Exception <a 'java/lang/NullPointerException'> (0x000000076ca2f678) thrown at [C:\re\workspace\8-2-build-windows-amd64-cygwin\jdk8u111\7883\hotspot\src\share\vm\interpreter\linkResolver.cpp, line 1178]
Event: 2.483 Thread 0x000000000117e000 Exception <a 'java/lang/NullPointerException'> (0x000000076ca388a8) thrown at [C:\re\workspace\8-2-build-windows-amd64-cygwin\jdk8u111\7883\hotspot\src\share\vm\interpreter\linkResolver.cpp, line 1178]
Event: 2.483 Thread 0x000000000117e000 Exception <a 'java/lang/NullPointerException'> (0x000000076ca38ab0) thrown at [C:\re\workspace\8-2-build-windows-amd64-cygwin\jdk8u111\7883\hotspot\src\share\vm\interpreter\linkResolver.cpp, line 1178]
Event: 2.483 Thread 0x000000000117e000 Exception <a 'java/lang/NullPointerException'> (0x000000076ca38cb8) thrown at [C:\re\workspace\8-2-build-windows-amd64-cygwin\jdk8u111\7883\hotspot\src\share\vm\interpreter\linkResolver.cpp, line 1178]
Event: 2.514 Thread 0x000000000117e000 Implicit null exception at 0x0000000002e2d3d6 to 0x0000000002e2d785
Event: 2.514 Thread 0x000000000117e000 Implicit null exception at 0x0000000002df5a16 to 0x0000000002df5dbd
Event: 2.633 Thread 0x000000000117e000 Implicit null exception at 0x000000000321a443 to 0x000000000321a68d
Event: 2.838 Thread 0x000000000117e000 Implicit null exception at 0x00000000033235c3 to 0x000000000332380d
Event: 3.295 Thread 0x000000000117e000 Implicit null exception at 0x0000000003044815 to 0x0000000003044a19
Event: 3.297 Thread 0x000000000117e000 Implicit null exception at 0x0000000002e93f2f to 0x0000000002e93f99

Events (10 events):
Event: 3.330 loading class java/lang/Character$CharacterCache
Event: 3.330 loading class java/lang/Character$CharacterCache done
Event: 3.331 loading class org/apache/maven/plugin/DefaultPluginRealmCache$CacheKey
Event: 3.331 loading class org/apache/maven/plugin/DefaultPluginRealmCache$CacheKey done
Event: 3.331 loading class org/apache/maven/plugin/CacheUtils
Event: 3.331 loading class org/apache/maven/plugin/CacheUtils done
Event: 3.332 loading class org/apache/maven/plugin/internal/PlexusUtilsInjector
Event: 3.332 loading class org/apache/maven/plugin/internal/PlexusUtilsInjector done
Event: 3.332 loading class org/apache/maven/plugin/internal/WagonExcluder
Event: 3.332 loading class org/apache/maven/plugin/internal/WagonExcluder done


Dynamic libraries:
0x00007ff771700000 - 0x00007ff771737000 	C:\Program Files\Java\jdk1.8.0_111\bin\javaw.exe
0x00007ffea6a10000 - 0x00007ffea6c05000 	C:\WINDOWS\SYSTEM32\ntdll.dll
0x00007ffea4c20000 - 0x00007ffea4cde000 	C:\WINDOWS\System32\KERNEL32.DLL
0x00007ffea4120000 - 0x00007ffea43e8000 	C:\WINDOWS\System32\KERNELBASE.dll
0x00007ffea5c00000 - 0x00007ffea5cae000 	C:\WINDOWS\System32\ADVAPI32.dll
0x00007ffea5370000 - 0x00007ffea540e000 	C:\WINDOWS\System32\msvcrt.dll
0x00007ffea6910000 - 0x00007ffea69ac000 	C:\WINDOWS\System32\sechost.dll
0x00007ffea4af0000 - 0x00007ffea4c15000 	C:\WINDOWS\System32\RPCRT4.dll
0x00007ffea5160000 - 0x00007ffea5300000 	C:\WINDOWS\System32\USER32.dll
0x00007ffea47a0000 - 0x00007ffea47c2000 	C:\WINDOWS\System32\win32u.dll
0x00007ffea6780000 - 0x00007ffea67ab000 	C:\WINDOWS\System32\GDI32.dll
0x00007ffea45e0000 - 0x00007ffea46ed000 	C:\WINDOWS\System32\gdi32full.dll
0x00007ffea47d0000 - 0x00007ffea486d000 	C:\WINDOWS\System32\msvcp_win.dll
0x00007ffea44e0000 - 0x00007ffea45e0000 	C:\WINDOWS\System32\ucrtbase.dll
0x00007ffe89f20000 - 0x00007ffe8a1ba000 	C:\WINDOWS\WinSxS\amd64_microsoft.windows.common-controls_6595b64144ccf1df_6.0.19041.1110_none_60b5254171f9507e\COMCTL32.dll
0x00007ffea4a60000 - 0x00007ffea4a90000 	C:\WINDOWS\System32\IMM32.DLL
0x000000006bd70000 - 0x000000006be42000 	C:\Program Files\Java\jdk1.8.0_111\jre\bin\msvcr100.dll
0x000000006b4d0000 - 0x000000006bd6a000 	C:\Program Files\Java\jdk1.8.0_111\jre\bin\server\jvm.dll
0x00007ffea60b0000 - 0x00007ffea60b8000 	C:\WINDOWS\System32\PSAPI.DLL
0x00007ffe885d0000 - 0x00007ffe885d9000 	C:\WINDOWS\SYSTEM32\WSOCK32.dll
0x00007ffe8a370000 - 0x00007ffe8a397000 	C:\WINDOWS\SYSTEM32\WINMM.dll
0x00007ffe997e0000 - 0x00007ffe997ea000 	C:\WINDOWS\SYSTEM32\VERSION.dll
0x00007ffea5300000 - 0x00007ffea536b000 	C:\WINDOWS\System32\WS2_32.dll
0x000000006ce80000 - 0x000000006ce8f000 	C:\Program Files\Java\jdk1.8.0_111\jre\bin\verify.dll
0x000000006c3e0000 - 0x000000006c409000 	C:\Program Files\Java\jdk1.8.0_111\jre\bin\java.dll
0x000000006c3c0000 - 0x000000006c3d6000 	C:\Program Files\Java\jdk1.8.0_111\jre\bin\zip.dll
0x00007ffea5410000 - 0x00007ffea5b54000 	C:\WINDOWS\System32\SHELL32.dll
0x00007ffea2210000 - 0x00007ffea29a4000 	C:\WINDOWS\SYSTEM32\windows.storage.dll
0x00007ffea4ce0000 - 0x00007ffea5035000 	C:\WINDOWS\System32\combase.dll
0x00007ffea3b70000 - 0x00007ffea3b9e000 	C:\WINDOWS\SYSTEM32\Wldp.dll
0x00007ffea66d0000 - 0x00007ffea677d000 	C:\WINDOWS\System32\SHCORE.dll
0x00007ffea6040000 - 0x00007ffea6095000 	C:\WINDOWS\System32\shlwapi.dll
0x00007ffea4060000 - 0x00007ffea407f000 	C:\WINDOWS\SYSTEM32\profapi.dll
0x00007ffea3ac0000 - 0x00007ffea3ad8000 	C:\WINDOWS\SYSTEM32\CRYPTSP.dll
0x00007ffea31e0000 - 0x00007ffea3214000 	C:\WINDOWS\system32\rsaenh.dll
0x00007ffea4440000 - 0x00007ffea4467000 	C:\WINDOWS\System32\bcrypt.dll
0x00007ffea3fe0000 - 0x00007ffea400e000 	C:\WINDOWS\SYSTEM32\USERENV.dll
0x00007ffea49d0000 - 0x00007ffea4a52000 	C:\WINDOWS\System32\bcryptprimitives.dll
0x00007ffea3ae0000 - 0x00007ffea3aec000 	C:\WINDOWS\SYSTEM32\CRYPTBASE.dll
0x000000006c3a0000 - 0x000000006c3ba000 	C:\Program Files\Java\jdk1.8.0_111\jre\bin\net.dll
0x00007ffea38d0000 - 0x00007ffea393a000 	C:\WINDOWS\system32\mswsock.dll
0x00007ffea3570000 - 0x00007ffea35ab000 	C:\WINDOWS\SYSTEM32\IPHLPAPI.DLL
0x00007ffea5b60000 - 0x00007ffea5b68000 	C:\WINDOWS\System32\NSI.dll
0x00007ffe9c920000 - 0x00007ffe9c937000 	C:\WINDOWS\SYSTEM32\dhcpcsvc6.DLL
0x00007ffe9d760000 - 0x00007ffe9d77d000 	C:\WINDOWS\SYSTEM32\dhcpcsvc.DLL
0x00007ffea35b0000 - 0x00007ffea367b000 	C:\WINDOWS\SYSTEM32\DNSAPI.dll
0x000000006c380000 - 0x000000006c391000 	C:\Program Files\Java\jdk1.8.0_111\jre\bin\nio.dll
0x00007ffe9ed40000 - 0x00007ffe9ed4a000 	C:\Users\bechi\AppData\Local\Temp\jansi-1.17.1-1798554897865163859.dll

VM Arguments:
jvm_args: -Dmaven.home=EMBEDDED -Dclassworlds.conf=C:\Users\bechi\Bureau\Projets Spring\.metadata\.plugins\org.eclipse.m2e.launching\launches\m2conf10457639107141782692.tmp -Dmaven.multiModuleProjectDirectory=C:\Users\bechi\Bureau\Projets Spring\BKFINV1 -Djansi.force=true -Djansi.passthrough=true -Dfile.encoding=Cp1252 
java_command: org.codehaus.plexus.classworlds.launcher.Launcher -Ppom.xml -B install -Dstyle.color=always
java_class_path (initial): C:\product\sts-4.11.1.RELEASE\plugins\org.eclipse.m2e.maven.runtime_1.18.0.20210618-2246\jars\plexus-classworlds-2.6.0.jar
Launcher Type: SUN_STANDARD

Environment Variables:
PATH=C:/product/sts-4.11.1.RELEASE//plugins/org.eclipse.justj.openjdk.hotspot.jre.full.win32.x86_64_16.0.2.v20210721-1149/jre/bin/server;C:/product/sts-4.11.1.RELEASE//plugins/org.eclipse.justj.openjdk.hotspot.jre.full.win32.x86_64_16.0.2.v20210721-1149/jre/bin;C:\oraclexe\app\oracle\product\10.2.0\server\bin;C:\Program Files\OpenJDK\jdk-8.0.262.10-hotspot\bin;C:\oraclexe\app\oracle\product\11.2.0\server\bin;C:\Program Files (x86)\VMware\VMware Workstation\bin\;C:\Program Files (x86)\Common Files\Oracle\Java\javapath;C:\windows\system32;C:\windows;C:\windows\System32\Wbem;C:\windows\System32\WindowsPowerShell\v1.0\;C:\windows\System32\OpenSSH\;C:\Program Files (x86)\NVIDIA Corporation\PhysX\Common;C:\Program Files\NVIDIA Corporation\NVIDIA NvDLISR;C:\Program Files\Microsoft\Web Platform Installer\;C:\Program Files\Symfony;C:\WINDOWS\system32;C:\WINDOWS;C:\WINDOWS\System32\Wbem;C:\WINDOWS\System32\WindowsPowerShell\v1.0\;C:\WINDOWS\System32\OpenSSH\;C:\wamp64\bin\php\php7.4.0;C:\Program Files\Git\cmd;C:\ProgramData\ComposerSetup\bin;C:\Program Files\nodejs\;C:\Program Files\dotnet\;C:\Program Files\Microsoft SQL Server\130\Tools\Binn\;C:\Program Files\Microsoft SQL Server\Client SDK\ODBC\170\Tools\Binn\;C:\Users\bechi\AppData\Local\Microsoft\WindowsApps;C:\Users\bechi\AppData\Local\ComposerSetup\bin;C:\Users\bechi\AppData\Roaming\Composer\vendor\bin;C:\Users\bechi\AppData\Local\GitHubDesktop\bin;C:\Users\bechi\AppData\Roaming\npm;C:\Users\bechi\AppData\Local\Programs\Microsoft VS Code\bin;C:\Users\bechi\.dotnet\tools;C:\product\sts-4.11.1.RELEASE;
USERNAME=bechi
OS=Windows_NT
PROCESSOR_IDENTIFIER=Intel64 Family 6 Model 158 Stepping 13, GenuineIntel



---------------  S Y S T E M  ---------------

OS: Windows 10.0 , 64 bit Build 19041 (10.0.19041.1503)

CPU:total 8 (4 cores per cpu, 2 threads per core) family 6 model 158 stepping 13, cmov, cx8, fxsr, mmx, sse, sse2, sse3, ssse3, sse4.1, sse4.2, popcnt, avx, avx2, aes, clmul, erms, 3dnowpref, lzcnt, ht, tsc, tscinvbit, bmi1, bmi2, adx

Memory: 4k page, physical 16614580k(2766204k free), swap 23782580k(7252k free)

vm_info: Java HotSpot(TM) 64-Bit Server VM (25.111-b14) for windows-amd64 JRE (1.8.0_111-b14), built on Sep 22 2016 19:24:05 by "java_re" with MS VC++ 10.0 (VS2010)

time: Mon Mar 14 15:23:31 2022
elapsed time: 3 seconds (0d 0h 0m 3s)

